The system is: Linux - 4.15.0-142-generic - x86_64
Compiling the C compiler identification source file "CMakeCCompilerId.c" succeeded.
Compiler: /usr/local/gcc-11.2/bin/gcc-11.2 
Build flags: 
Id flags:  

The output was:
0


Compilation of the C compiler identification source "CMakeCCompilerId.c" produced "a.out"

The C compiler identification is GNU, found in "/mnt/hgfs/pool/src/mysql_pool/build/CMakeFiles/3.21.3/CompilerIdC/a.out"

Compiling the CXX compiler identification source file "CMakeCXXCompilerId.cpp" succeeded.
Compiler: /usr/local/gcc-11.2/bin/g++-11.2 
Build flags: 
Id flags:  

The output was:
0


Compilation of the CXX compiler identification source "CMakeCXXCompilerId.cpp" produced "a.out"

The CXX compiler identification is GNU, found in "/mnt/hgfs/pool/src/mysql_pool/build/CMakeFiles/3.21.3/CompilerIdCXX/a.out"

Detecting C compiler ABI info compiled with the following output:
Change Dir: /mnt/hgfs/pool/src/mysql_pool/build/CMakeFiles/CMakeTmp

Run Build Command(s):/usr/bin/make -f Makefile cmTC_caed7/fast && /usr/bin/make  -f CMakeFiles/cmTC_caed7.dir/build.make CMakeFiles/cmTC_caed7.dir/build
make[1]: Entering directory '/mnt/hgfs/pool/src/mysql_pool/build/CMakeFiles/CMakeTmp'
Building C object CMakeFiles/cmTC_caed7.dir/CMakeCCompilerABI.c.o
/usr/local/gcc-11.2/bin/gcc-11.2   -v -o CMakeFiles/cmTC_caed7.dir/CMakeCCompilerABI.c.o -c /usr/local/share/cmake-3.21/Modules/CMakeCCompilerABI.c
Using built-in specs.
COLLECT_GCC=/usr/local/gcc-11.2/bin/gcc-11.2
Target: x86_64-linux-gnu
Configured with: ../configure configure -v --build=x86_64-linux-gnu --host=x86_64-linux-gnu --target=x86_64-linux-gnu --prefix=/usr/local/gcc-11.2 --enable-checking=release --enable-languages=c,c++ --disable-multilib --program-suffix=-11.2
Thread model: posix
Supported LTO compression algorithms: zlib
gcc version 11.2.0 (GCC) 
COLLECT_GCC_OPTIONS='-v' '-o' 'CMakeFiles/cmTC_caed7.dir/CMakeCCompilerABI.c.o' '-c' '-mtune=generic' '-march=x86-64' '-dumpdir' 'CMakeFiles/cmTC_caed7.dir/'
 /usr/local/gcc-11.2/libexec/gcc/x86_64-linux-gnu/11.2.0/cc1 -quiet -v -imultiarch x86_64-linux-gnu /usr/local/share/cmake-3.21/Modules/CMakeCCompilerABI.c -quiet -dumpdir CMakeFiles/cmTC_caed7.dir/ -dumpbase CMakeCCompilerABI.c.c -dumpbase-ext .c -mtune=generic -march=x86-64 -version -o /tmp/cc1BCoMC.s
GNU C17 (GCC) version 11.2.0 (x86_64-linux-gnu)
	compiled by GNU C version 11.2.0, GMP version 6.1.0, MPFR version 3.1.6, MPC version 1.0.3, isl version isl-0.18-GMP

GGC heuristics: --param ggc-min-expand=100 --param ggc-min-heapsize=131072
ignoring nonexistent directory "/usr/local/include/x86_64-linux-gnu"
ignoring nonexistent directory "/usr/local/gcc-11.2/lib/gcc/x86_64-linux-gnu/11.2.0/../../../../x86_64-linux-gnu/include"
#include "..." search starts here:
#include <...> search starts here:
 /usr/local/gcc-11.2/lib/gcc/x86_64-linux-gnu/11.2.0/include
 /usr/local/include
 /usr/local/gcc-11.2/include
 /usr/local/gcc-11.2/lib/gcc/x86_64-linux-gnu/11.2.0/include-fixed
 /usr/include/x86_64-linux-gnu
 /usr/include
End of search list.
GNU C17 (GCC) version 11.2.0 (x86_64-linux-gnu)
	compiled by GNU C version 11.2.0, GMP version 6.1.0, MPFR version 3.1.6, MPC version 1.0.3, isl version isl-0.18-GMP

GGC heuristics: --param ggc-min-expand=100 --param ggc-min-heapsize=131072
Compiler executable checksum: b496ffec27ceb3bb7032c1b0e3310d5a
COLLECT_GCC_OPTIONS='-v' '-o' 'CMakeFiles/cmTC_caed7.dir/CMakeCCompilerABI.c.o' '-c' '-mtune=generic' '-march=x86-64' '-dumpdir' 'CMakeFiles/cmTC_caed7.dir/'
 as -v --64 -o CMakeFiles/cmTC_caed7.dir/CMakeCCompilerABI.c.o /tmp/cc1BCoMC.s
GNU assembler version 2.26.1 (x86_64-linux-gnu) using BFD version (GNU Binutils for Ubuntu) 2.26.1
COMPILER_PATH=/usr/local/gcc-11.2/libexec/gcc/x86_64-linux-gnu/11.2.0/:/usr/local/gcc-11.2/libexec/gcc/x86_64-linux-gnu/11.2.0/:/usr/local/gcc-11.2/libexec/gcc/x86_64-linux-gnu/:/usr/local/gcc-11.2/lib/gcc/x86_64-linux-gnu/11.2.0/:/usr/local/gcc-11.2/lib/gcc/x86_64-linux-gnu/
LIBRARY_PATH=/usr/local/gcc-11.2/lib/gcc/x86_64-linux-gnu/11.2.0/:/usr/local/gcc-11.2/lib/gcc/x86_64-linux-gnu/11.2.0/../../../../lib64/:/lib/x86_64-linux-gnu/:/lib/../lib64/:/usr/lib/x86_64-linux-gnu/:/usr/local/gcc-11.2/lib/gcc/x86_64-linux-gnu/11.2.0/../../../:/lib/:/usr/lib/
COLLECT_GCC_OPTIONS='-v' '-o' 'CMakeFiles/cmTC_caed7.dir/CMakeCCompilerABI.c.o' '-c' '-mtune=generic' '-march=x86-64' '-dumpdir' 'CMakeFiles/cmTC_caed7.dir/CMakeCCompilerABI.c.'
Linking C executable cmTC_caed7
/usr/local/bin/cmake -E cmake_link_script CMakeFiles/cmTC_caed7.dir/link.txt --verbose=1
/usr/local/gcc-11.2/bin/gcc-11.2  -v -rdynamic CMakeFiles/cmTC_caed7.dir/CMakeCCompilerABI.c.o -o cmTC_caed7 
Using built-in specs.
COLLECT_GCC=/usr/local/gcc-11.2/bin/gcc-11.2
COLLECT_LTO_WRAPPER=/usr/local/gcc-11.2/libexec/gcc/x86_64-linux-gnu/11.2.0/lto-wrapper
Target: x86_64-linux-gnu
Configured with: ../configure configure -v --build=x86_64-linux-gnu --host=x86_64-linux-gnu --target=x86_64-linux-gnu --prefix=/usr/local/gcc-11.2 --enable-checking=release --enable-languages=c,c++ --disable-multilib --program-suffix=-11.2
Thread model: posix
Supported LTO compression algorithms: zlib
gcc version 11.2.0 (GCC) 
COMPILER_PATH=/usr/local/gcc-11.2/libexec/gcc/x86_64-linux-gnu/11.2.0/:/usr/local/gcc-11.2/libexec/gcc/x86_64-linux-gnu/11.2.0/:/usr/local/gcc-11.2/libexec/gcc/x86_64-linux-gnu/:/usr/local/gcc-11.2/lib/gcc/x86_64-linux-gnu/11.2.0/:/usr/local/gcc-11.2/lib/gcc/x86_64-linux-gnu/
LIBRARY_PATH=/usr/local/gcc-11.2/lib/gcc/x86_64-linux-gnu/11.2.0/:/usr/local/gcc-11.2/lib/gcc/x86_64-linux-gnu/11.2.0/../../../../lib64/:/lib/x86_64-linux-gnu/:/lib/../lib64/:/usr/lib/x86_64-linux-gnu/:/usr/local/gcc-11.2/lib/gcc/x86_64-linux-gnu/11.2.0/../../../:/lib/:/usr/lib/
COLLECT_GCC_OPTIONS='-v' '-rdynamic' '-o' 'cmTC_caed7' '-mtune=generic' '-march=x86-64' '-dumpdir' 'cmTC_caed7.'
 /usr/local/gcc-11.2/libexec/gcc/x86_64-linux-gnu/11.2.0/collect2 -plugin /usr/local/gcc-11.2/libexec/gcc/x86_64-linux-gnu/11.2.0/liblto_plugin.so -plugin-opt=/usr/local/gcc-11.2/libexec/gcc/x86_64-linux-gnu/11.2.0/lto-wrapper -plugin-opt=-fresolution=/tmp/ccnXYKKx.res -plugin-opt=-pass-through=-lgcc -plugin-opt=-pass-through=-lgcc_s -plugin-opt=-pass-through=-lc -plugin-opt=-pass-through=-lgcc -plugin-opt=-pass-through=-lgcc_s --eh-frame-hdr -m elf_x86_64 -export-dynamic -dynamic-linker /lib64/ld-linux-x86-64.so.2 -o cmTC_caed7 /usr/lib/x86_64-linux-gnu/crt1.o /usr/lib/x86_64-linux-gnu/crti.o /usr/local/gcc-11.2/lib/gcc/x86_64-linux-gnu/11.2.0/crtbegin.o -L/usr/local/gcc-11.2/lib/gcc/x86_64-linux-gnu/11.2.0 -L/usr/local/gcc-11.2/lib/gcc/x86_64-linux-gnu/11.2.0/../../../../lib64 -L/lib/x86_64-linux-gnu -L/lib/../lib64 -L/usr/lib/x86_64-linux-gnu -L/usr/local/gcc-11.2/lib/gcc/x86_64-linux-gnu/11.2.0/../../.. CMakeFiles/cmTC_caed7.dir/CMakeCCompilerABI.c.o -lgcc --as-needed -lgcc_s --no-as-needed -lc -lgcc --as-needed -lgcc_s --no-as-needed /usr/local/gcc-11.2/lib/gcc/x86_64-linux-gnu/11.2.0/crtend.o /usr/lib/x86_64-linux-gnu/crtn.o
COLLECT_GCC_OPTIONS='-v' '-rdynamic' '-o' 'cmTC_caed7' '-mtune=generic' '-march=x86-64' '-dumpdir' 'cmTC_caed7.'
make[1]: Leaving directory '/mnt/hgfs/pool/src/mysql_pool/build/CMakeFiles/CMakeTmp'



Parsed C implicit include dir info from above output: rv=done
  found start of include info
  found start of implicit include info
    add: [/usr/local/gcc-11.2/lib/gcc/x86_64-linux-gnu/11.2.0/include]
    add: [/usr/local/include]
    add: [/usr/local/gcc-11.2/include]
    add: [/usr/local/gcc-11.2/lib/gcc/x86_64-linux-gnu/11.2.0/include-fixed]
    add: [/usr/include/x86_64-linux-gnu]
    add: [/usr/include]
  end of search list found
  collapse include dir [/usr/local/gcc-11.2/lib/gcc/x86_64-linux-gnu/11.2.0/include] ==> [/usr/local/gcc-11.2/lib/gcc/x86_64-linux-gnu/11.2.0/include]
  collapse include dir [/usr/local/include] ==> [/usr/local/include]
  collapse include dir [/usr/local/gcc-11.2/include] ==> [/usr/local/gcc-11.2/include]
  collapse include dir [/usr/local/gcc-11.2/lib/gcc/x86_64-linux-gnu/11.2.0/include-fixed] ==> [/usr/local/gcc-11.2/lib/gcc/x86_64-linux-gnu/11.2.0/include-fixed]
  collapse include dir [/usr/include/x86_64-linux-gnu] ==> [/usr/include/x86_64-linux-gnu]
  collapse include dir [/usr/include] ==> [/usr/include]
  implicit include dirs: [/usr/local/gcc-11.2/lib/gcc/x86_64-linux-gnu/11.2.0/include;/usr/local/include;/usr/local/gcc-11.2/include;/usr/local/gcc-11.2/lib/gcc/x86_64-linux-gnu/11.2.0/include-fixed;/usr/include/x86_64-linux-gnu;/usr/include]


Parsed C implicit link information from above output:
  link line regex: [^( *|.*[/\])(ld|CMAKE_LINK_STARTFILE-NOTFOUND|([^/\]+-)?ld|collect2)[^/\]*( |$)]
  ignore line: [Change Dir: /mnt/hgfs/pool/src/mysql_pool/build/CMakeFiles/CMakeTmp]
  ignore line: []
  ignore line: [Run Build Command(s):/usr/bin/make -f Makefile cmTC_caed7/fast && /usr/bin/make  -f CMakeFiles/cmTC_caed7.dir/build.make CMakeFiles/cmTC_caed7.dir/build]
  ignore line: [make[1]: Entering directory '/mnt/hgfs/pool/src/mysql_pool/build/CMakeFiles/CMakeTmp']
  ignore line: [Building C object CMakeFiles/cmTC_caed7.dir/CMakeCCompilerABI.c.o]
  ignore line: [/usr/local/gcc-11.2/bin/gcc-11.2   -v -o CMakeFiles/cmTC_caed7.dir/CMakeCCompilerABI.c.o -c /usr/local/share/cmake-3.21/Modules/CMakeCCompilerABI.c]
  ignore line: [Using built-in specs.]
  ignore line: [COLLECT_GCC=/usr/local/gcc-11.2/bin/gcc-11.2]
  ignore line: [Target: x86_64-linux-gnu]
  ignore line: [Configured with: ../configure configure -v --build=x86_64-linux-gnu --host=x86_64-linux-gnu --target=x86_64-linux-gnu --prefix=/usr/local/gcc-11.2 --enable-checking=release --enable-languages=c c++ --disable-multilib --program-suffix=-11.2]
  ignore line: [Thread model: posix]
  ignore line: [Supported LTO compression algorithms: zlib]
  ignore line: [gcc version 11.2.0 (GCC) ]
  ignore line: [COLLECT_GCC_OPTIONS='-v' '-o' 'CMakeFiles/cmTC_caed7.dir/CMakeCCompilerABI.c.o' '-c' '-mtune=generic' '-march=x86-64' '-dumpdir' 'CMakeFiles/cmTC_caed7.dir/']
  ignore line: [ /usr/local/gcc-11.2/libexec/gcc/x86_64-linux-gnu/11.2.0/cc1 -quiet -v -imultiarch x86_64-linux-gnu /usr/local/share/cmake-3.21/Modules/CMakeCCompilerABI.c -quiet -dumpdir CMakeFiles/cmTC_caed7.dir/ -dumpbase CMakeCCompilerABI.c.c -dumpbase-ext .c -mtune=generic -march=x86-64 -version -o /tmp/cc1BCoMC.s]
  ignore line: [GNU C17 (GCC) version 11.2.0 (x86_64-linux-gnu)]
  ignore line: [	compiled by GNU C version 11.2.0  GMP version 6.1.0  MPFR version 3.1.6  MPC version 1.0.3  isl version isl-0.18-GMP]
  ignore line: []
  ignore line: [GGC heuristics: --param ggc-min-expand=100 --param ggc-min-heapsize=131072]
  ignore line: [ignoring nonexistent directory "/usr/local/include/x86_64-linux-gnu"]
  ignore line: [ignoring nonexistent directory "/usr/local/gcc-11.2/lib/gcc/x86_64-linux-gnu/11.2.0/../../../../x86_64-linux-gnu/include"]
  ignore line: [#include "..." search starts here:]
  ignore line: [#include <...> search starts here:]
  ignore line: [ /usr/local/gcc-11.2/lib/gcc/x86_64-linux-gnu/11.2.0/include]
  ignore line: [ /usr/local/include]
  ignore line: [ /usr/local/gcc-11.2/include]
  ignore line: [ /usr/local/gcc-11.2/lib/gcc/x86_64-linux-gnu/11.2.0/include-fixed]
  ignore line: [ /usr/include/x86_64-linux-gnu]
  ignore line: [ /usr/include]
  ignore line: [End of search list.]
  ignore line: [GNU C17 (GCC) version 11.2.0 (x86_64-linux-gnu)]
  ignore line: [	compiled by GNU C version 11.2.0  GMP version 6.1.0  MPFR version 3.1.6  MPC version 1.0.3  isl version isl-0.18-GMP]
  ignore line: []
  ignore line: [GGC heuristics: --param ggc-min-expand=100 --param ggc-min-heapsize=131072]
  ignore line: [Compiler executable checksum: b496ffec27ceb3bb7032c1b0e3310d5a]
  ignore line: [COLLECT_GCC_OPTIONS='-v' '-o' 'CMakeFiles/cmTC_caed7.dir/CMakeCCompilerABI.c.o' '-c' '-mtune=generic' '-march=x86-64' '-dumpdir' 'CMakeFiles/cmTC_caed7.dir/']
  ignore line: [ as -v --64 -o CMakeFiles/cmTC_caed7.dir/CMakeCCompilerABI.c.o /tmp/cc1BCoMC.s]
  ignore line: [GNU assembler version 2.26.1 (x86_64-linux-gnu) using BFD version (GNU Binutils for Ubuntu) 2.26.1]
  ignore line: [COMPILER_PATH=/usr/local/gcc-11.2/libexec/gcc/x86_64-linux-gnu/11.2.0/:/usr/local/gcc-11.2/libexec/gcc/x86_64-linux-gnu/11.2.0/:/usr/local/gcc-11.2/libexec/gcc/x86_64-linux-gnu/:/usr/local/gcc-11.2/lib/gcc/x86_64-linux-gnu/11.2.0/:/usr/local/gcc-11.2/lib/gcc/x86_64-linux-gnu/]
  ignore line: [LIBRARY_PATH=/usr/local/gcc-11.2/lib/gcc/x86_64-linux-gnu/11.2.0/:/usr/local/gcc-11.2/lib/gcc/x86_64-linux-gnu/11.2.0/../../../../lib64/:/lib/x86_64-linux-gnu/:/lib/../lib64/:/usr/lib/x86_64-linux-gnu/:/usr/local/gcc-11.2/lib/gcc/x86_64-linux-gnu/11.2.0/../../../:/lib/:/usr/lib/]
  ignore line: [COLLECT_GCC_OPTIONS='-v' '-o' 'CMakeFiles/cmTC_caed7.dir/CMakeCCompilerABI.c.o' '-c' '-mtune=generic' '-march=x86-64' '-dumpdir' 'CMakeFiles/cmTC_caed7.dir/CMakeCCompilerABI.c.']
  ignore line: [Linking C executable cmTC_caed7]
  ignore line: [/usr/local/bin/cmake -E cmake_link_script CMakeFiles/cmTC_caed7.dir/link.txt --verbose=1]
  ignore line: [/usr/local/gcc-11.2/bin/gcc-11.2  -v -rdynamic CMakeFiles/cmTC_caed7.dir/CMakeCCompilerABI.c.o -o cmTC_caed7 ]
  ignore line: [Using built-in specs.]
  ignore line: [COLLECT_GCC=/usr/local/gcc-11.2/bin/gcc-11.2]
  ignore line: [COLLECT_LTO_WRAPPER=/usr/local/gcc-11.2/libexec/gcc/x86_64-linux-gnu/11.2.0/lto-wrapper]
  ignore line: [Target: x86_64-linux-gnu]
  ignore line: [Configured with: ../configure configure -v --build=x86_64-linux-gnu --host=x86_64-linux-gnu --target=x86_64-linux-gnu --prefix=/usr/local/gcc-11.2 --enable-checking=release --enable-languages=c c++ --disable-multilib --program-suffix=-11.2]
  ignore line: [Thread model: posix]
  ignore line: [Supported LTO compression algorithms: zlib]
  ignore line: [gcc version 11.2.0 (GCC) ]
  ignore line: [COMPILER_PATH=/usr/local/gcc-11.2/libexec/gcc/x86_64-linux-gnu/11.2.0/:/usr/local/gcc-11.2/libexec/gcc/x86_64-linux-gnu/11.2.0/:/usr/local/gcc-11.2/libexec/gcc/x86_64-linux-gnu/:/usr/local/gcc-11.2/lib/gcc/x86_64-linux-gnu/11.2.0/:/usr/local/gcc-11.2/lib/gcc/x86_64-linux-gnu/]
  ignore line: [LIBRARY_PATH=/usr/local/gcc-11.2/lib/gcc/x86_64-linux-gnu/11.2.0/:/usr/local/gcc-11.2/lib/gcc/x86_64-linux-gnu/11.2.0/../../../../lib64/:/lib/x86_64-linux-gnu/:/lib/../lib64/:/usr/lib/x86_64-linux-gnu/:/usr/local/gcc-11.2/lib/gcc/x86_64-linux-gnu/11.2.0/../../../:/lib/:/usr/lib/]
  ignore line: [COLLECT_GCC_OPTIONS='-v' '-rdynamic' '-o' 'cmTC_caed7' '-mtune=generic' '-march=x86-64' '-dumpdir' 'cmTC_caed7.']
  link line: [ /usr/local/gcc-11.2/libexec/gcc/x86_64-linux-gnu/11.2.0/collect2 -plugin /usr/local/gcc-11.2/libexec/gcc/x86_64-linux-gnu/11.2.0/liblto_plugin.so -plugin-opt=/usr/local/gcc-11.2/libexec/gcc/x86_64-linux-gnu/11.2.0/lto-wrapper -plugin-opt=-fresolution=/tmp/ccnXYKKx.res -plugin-opt=-pass-through=-lgcc -plugin-opt=-pass-through=-lgcc_s -plugin-opt=-pass-through=-lc -plugin-opt=-pass-through=-lgcc -plugin-opt=-pass-through=-lgcc_s --eh-frame-hdr -m elf_x86_64 -export-dynamic -dynamic-linker /lib64/ld-linux-x86-64.so.2 -o cmTC_caed7 /usr/lib/x86_64-linux-gnu/crt1.o /usr/lib/x86_64-linux-gnu/crti.o /usr/local/gcc-11.2/lib/gcc/x86_64-linux-gnu/11.2.0/crtbegin.o -L/usr/local/gcc-11.2/lib/gcc/x86_64-linux-gnu/11.2.0 -L/usr/local/gcc-11.2/lib/gcc/x86_64-linux-gnu/11.2.0/../../../../lib64 -L/lib/x86_64-linux-gnu -L/lib/../lib64 -L/usr/lib/x86_64-linux-gnu -L/usr/local/gcc-11.2/lib/gcc/x86_64-linux-gnu/11.2.0/../../.. CMakeFiles/cmTC_caed7.dir/CMakeCCompilerABI.c.o -lgcc --as-needed -lgcc_s --no-as-needed -lc -lgcc --as-needed -lgcc_s --no-as-needed /usr/local/gcc-11.2/lib/gcc/x86_64-linux-gnu/11.2.0/crtend.o /usr/lib/x86_64-linux-gnu/crtn.o]
    arg [/usr/local/gcc-11.2/libexec/gcc/x86_64-linux-gnu/11.2.0/collect2] ==> ignore
    arg [-plugin] ==> ignore
    arg [/usr/local/gcc-11.2/libexec/gcc/x86_64-linux-gnu/11.2.0/liblto_plugin.so] ==> ignore
    arg [-plugin-opt=/usr/local/gcc-11.2/libexec/gcc/x86_64-linux-gnu/11.2.0/lto-wrapper] ==> ignore
    arg [-plugin-opt=-fresolution=/tmp/ccnXYKKx.res] ==> ignore
    arg [-plugin-opt=-pass-through=-lgcc] ==> ignore
    arg [-plugin-opt=-pass-through=-lgcc_s] ==> ignore
    arg [-plugin-opt=-pass-through=-lc] ==> ignore
    arg [-plugin-opt=-pass-through=-lgcc] ==> ignore
    arg [-plugin-opt=-pass-through=-lgcc_s] ==> ignore
    arg [--eh-frame-hdr] ==> ignore
    arg [-m] ==> ignore
    arg [elf_x86_64] ==> ignore
    arg [-export-dynamic] ==> ignore
    arg [-dynamic-linker] ==> ignore
    arg [/lib64/ld-linux-x86-64.so.2] ==> ignore
    arg [-o] ==> ignore
    arg [cmTC_caed7] ==> ignore
    arg [/usr/lib/x86_64-linux-gnu/crt1.o] ==> obj [/usr/lib/x86_64-linux-gnu/crt1.o]
    arg [/usr/lib/x86_64-linux-gnu/crti.o] ==> obj [/usr/lib/x86_64-linux-gnu/crti.o]
    arg [/usr/local/gcc-11.2/lib/gcc/x86_64-linux-gnu/11.2.0/crtbegin.o] ==> obj [/usr/local/gcc-11.2/lib/gcc/x86_64-linux-gnu/11.2.0/crtbegin.o]
    arg [-L/usr/local/gcc-11.2/lib/gcc/x86_64-linux-gnu/11.2.0] ==> dir [/usr/local/gcc-11.2/lib/gcc/x86_64-linux-gnu/11.2.0]
    arg [-L/usr/local/gcc-11.2/lib/gcc/x86_64-linux-gnu/11.2.0/../../../../lib64] ==> dir [/usr/local/gcc-11.2/lib/gcc/x86_64-linux-gnu/11.2.0/../../../../lib64]
    arg [-L/lib/x86_64-linux-gnu] ==> dir [/lib/x86_64-linux-gnu]
    arg [-L/lib/../lib64] ==> dir [/lib/../lib64]
    arg [-L/usr/lib/x86_64-linux-gnu] ==> dir [/usr/lib/x86_64-linux-gnu]
    arg [-L/usr/local/gcc-11.2/lib/gcc/x86_64-linux-gnu/11.2.0/../../..] ==> dir [/usr/local/gcc-11.2/lib/gcc/x86_64-linux-gnu/11.2.0/../../..]
    arg [CMakeFiles/cmTC_caed7.dir/CMakeCCompilerABI.c.o] ==> ignore
    arg [-lgcc] ==> lib [gcc]
    arg [--as-needed] ==> ignore
    arg [-lgcc_s] ==> lib [gcc_s]
    arg [--no-as-needed] ==> ignore
    arg [-lc] ==> lib [c]
    arg [-lgcc] ==> lib [gcc]
    arg [--as-needed] ==> ignore
    arg [-lgcc_s] ==> lib [gcc_s]
    arg [--no-as-needed] ==> ignore
    arg [/usr/local/gcc-11.2/lib/gcc/x86_64-linux-gnu/11.2.0/crtend.o] ==> obj [/usr/local/gcc-11.2/lib/gcc/x86_64-linux-gnu/11.2.0/crtend.o]
    arg [/usr/lib/x86_64-linux-gnu/crtn.o] ==> obj [/usr/lib/x86_64-linux-gnu/crtn.o]
  collapse library dir [/usr/local/gcc-11.2/lib/gcc/x86_64-linux-gnu/11.2.0] ==> [/usr/local/gcc-11.2/lib/gcc/x86_64-linux-gnu/11.2.0]
  collapse library dir [/usr/local/gcc-11.2/lib/gcc/x86_64-linux-gnu/11.2.0/../../../../lib64] ==> [/usr/local/gcc-11.2/lib64]
  collapse library dir [/lib/x86_64-linux-gnu] ==> [/lib/x86_64-linux-gnu]
  collapse library dir [/lib/../lib64] ==> [/lib64]
  collapse library dir [/usr/lib/x86_64-linux-gnu] ==> [/usr/lib/x86_64-linux-gnu]
  collapse library dir [/usr/local/gcc-11.2/lib/gcc/x86_64-linux-gnu/11.2.0/../../..] ==> [/usr/local/gcc-11.2/lib]
  implicit libs: [gcc;gcc_s;c;gcc;gcc_s]
  implicit objs: [/usr/lib/x86_64-linux-gnu/crt1.o;/usr/lib/x86_64-linux-gnu/crti.o;/usr/local/gcc-11.2/lib/gcc/x86_64-linux-gnu/11.2.0/crtbegin.o;/usr/local/gcc-11.2/lib/gcc/x86_64-linux-gnu/11.2.0/crtend.o;/usr/lib/x86_64-linux-gnu/crtn.o]
  implicit dirs: [/usr/local/gcc-11.2/lib/gcc/x86_64-linux-gnu/11.2.0;/usr/local/gcc-11.2/lib64;/lib/x86_64-linux-gnu;/lib64;/usr/lib/x86_64-linux-gnu;/usr/local/gcc-11.2/lib]
  implicit fwks: []


Detecting CXX compiler ABI info compiled with the following output:
Change Dir: /mnt/hgfs/pool/src/mysql_pool/build/CMakeFiles/CMakeTmp

Run Build Command(s):/usr/bin/make -f Makefile cmTC_28e87/fast && /usr/bin/make  -f CMakeFiles/cmTC_28e87.dir/build.make CMakeFiles/cmTC_28e87.dir/build
make[1]: Entering directory '/mnt/hgfs/pool/src/mysql_pool/build/CMakeFiles/CMakeTmp'
Building CXX object CMakeFiles/cmTC_28e87.dir/CMakeCXXCompilerABI.cpp.o
/usr/local/gcc-11.2/bin/g++-11.2   -v -o CMakeFiles/cmTC_28e87.dir/CMakeCXXCompilerABI.cpp.o -c /usr/local/share/cmake-3.21/Modules/CMakeCXXCompilerABI.cpp
Using built-in specs.
COLLECT_GCC=/usr/local/gcc-11.2/bin/g++-11.2
Target: x86_64-linux-gnu
Configured with: ../configure configure -v --build=x86_64-linux-gnu --host=x86_64-linux-gnu --target=x86_64-linux-gnu --prefix=/usr/local/gcc-11.2 --enable-checking=release --enable-languages=c,c++ --disable-multilib --program-suffix=-11.2
Thread model: posix
Supported LTO compression algorithms: zlib
gcc version 11.2.0 (GCC) 
COLLECT_GCC_OPTIONS='-v' '-o' 'CMakeFiles/cmTC_28e87.dir/CMakeCXXCompilerABI.cpp.o' '-c' '-shared-libgcc' '-mtune=generic' '-march=x86-64' '-dumpdir' 'CMakeFiles/cmTC_28e87.dir/'
 /usr/local/gcc-11.2/libexec/gcc/x86_64-linux-gnu/11.2.0/cc1plus -quiet -v -imultiarch x86_64-linux-gnu -D_GNU_SOURCE /usr/local/share/cmake-3.21/Modules/CMakeCXXCompilerABI.cpp -quiet -dumpdir CMakeFiles/cmTC_28e87.dir/ -dumpbase CMakeCXXCompilerABI.cpp.cpp -dumpbase-ext .cpp -mtune=generic -march=x86-64 -version -o /tmp/ccr9PBIJ.s
GNU C++17 (GCC) version 11.2.0 (x86_64-linux-gnu)
	compiled by GNU C version 11.2.0, GMP version 6.1.0, MPFR version 3.1.6, MPC version 1.0.3, isl version isl-0.18-GMP

GGC heuristics: --param ggc-min-expand=100 --param ggc-min-heapsize=131072
ignoring nonexistent directory "/usr/local/include/x86_64-linux-gnu"
ignoring nonexistent directory "/usr/local/gcc-11.2/lib/gcc/x86_64-linux-gnu/11.2.0/../../../../x86_64-linux-gnu/include"
#include "..." search starts here:
#include <...> search starts here:
 /usr/local/gcc-11.2/lib/gcc/x86_64-linux-gnu/11.2.0/../../../../include/c++/11.2.0
 /usr/local/gcc-11.2/lib/gcc/x86_64-linux-gnu/11.2.0/../../../../include/c++/11.2.0/x86_64-linux-gnu
 /usr/local/gcc-11.2/lib/gcc/x86_64-linux-gnu/11.2.0/../../../../include/c++/11.2.0/backward
 /usr/local/gcc-11.2/lib/gcc/x86_64-linux-gnu/11.2.0/include
 /usr/local/include
 /usr/local/gcc-11.2/include
 /usr/local/gcc-11.2/lib/gcc/x86_64-linux-gnu/11.2.0/include-fixed
 /usr/include/x86_64-linux-gnu
 /usr/include
End of search list.
GNU C++17 (GCC) version 11.2.0 (x86_64-linux-gnu)
	compiled by GNU C version 11.2.0, GMP version 6.1.0, MPFR version 3.1.6, MPC version 1.0.3, isl version isl-0.18-GMP

GGC heuristics: --param ggc-min-expand=100 --param ggc-min-heapsize=131072
Compiler executable checksum: 10276ea1f5f82fcee8cadd466526da91
COLLECT_GCC_OPTIONS='-v' '-o' 'CMakeFiles/cmTC_28e87.dir/CMakeCXXCompilerABI.cpp.o' '-c' '-shared-libgcc' '-mtune=generic' '-march=x86-64' '-dumpdir' 'CMakeFiles/cmTC_28e87.dir/'
 as -v --64 -o CMakeFiles/cmTC_28e87.dir/CMakeCXXCompilerABI.cpp.o /tmp/ccr9PBIJ.s
GNU assembler version 2.26.1 (x86_64-linux-gnu) using BFD version (GNU Binutils for Ubuntu) 2.26.1
COMPILER_PATH=/usr/local/gcc-11.2/libexec/gcc/x86_64-linux-gnu/11.2.0/:/usr/local/gcc-11.2/libexec/gcc/x86_64-linux-gnu/11.2.0/:/usr/local/gcc-11.2/libexec/gcc/x86_64-linux-gnu/:/usr/local/gcc-11.2/lib/gcc/x86_64-linux-gnu/11.2.0/:/usr/local/gcc-11.2/lib/gcc/x86_64-linux-gnu/
LIBRARY_PATH=/usr/local/gcc-11.2/lib/gcc/x86_64-linux-gnu/11.2.0/:/usr/local/gcc-11.2/lib/gcc/x86_64-linux-gnu/11.2.0/../../../../lib64/:/lib/x86_64-linux-gnu/:/lib/../lib64/:/usr/lib/x86_64-linux-gnu/:/usr/local/gcc-11.2/lib/gcc/x86_64-linux-gnu/11.2.0/../../../:/lib/:/usr/lib/
COLLECT_GCC_OPTIONS='-v' '-o' 'CMakeFiles/cmTC_28e87.dir/CMakeCXXCompilerABI.cpp.o' '-c' '-shared-libgcc' '-mtune=generic' '-march=x86-64' '-dumpdir' 'CMakeFiles/cmTC_28e87.dir/CMakeCXXCompilerABI.cpp.'
Linking CXX executable cmTC_28e87
/usr/local/bin/cmake -E cmake_link_script CMakeFiles/cmTC_28e87.dir/link.txt --verbose=1
/usr/local/gcc-11.2/bin/g++-11.2  -v -rdynamic CMakeFiles/cmTC_28e87.dir/CMakeCXXCompilerABI.cpp.o -o cmTC_28e87 
Using built-in specs.
COLLECT_GCC=/usr/local/gcc-11.2/bin/g++-11.2
COLLECT_LTO_WRAPPER=/usr/local/gcc-11.2/libexec/gcc/x86_64-linux-gnu/11.2.0/lto-wrapper
Target: x86_64-linux-gnu
Configured with: ../configure configure -v --build=x86_64-linux-gnu --host=x86_64-linux-gnu --target=x86_64-linux-gnu --prefix=/usr/local/gcc-11.2 --enable-checking=release --enable-languages=c,c++ --disable-multilib --program-suffix=-11.2
Thread model: posix
Supported LTO compression algorithms: zlib
gcc version 11.2.0 (GCC) 
COMPILER_PATH=/usr/local/gcc-11.2/libexec/gcc/x86_64-linux-gnu/11.2.0/:/usr/local/gcc-11.2/libexec/gcc/x86_64-linux-gnu/11.2.0/:/usr/local/gcc-11.2/libexec/gcc/x86_64-linux-gnu/:/usr/local/gcc-11.2/lib/gcc/x86_64-linux-gnu/11.2.0/:/usr/local/gcc-11.2/lib/gcc/x86_64-linux-gnu/
LIBRARY_PATH=/usr/local/gcc-11.2/lib/gcc/x86_64-linux-gnu/11.2.0/:/usr/local/gcc-11.2/lib/gcc/x86_64-linux-gnu/11.2.0/../../../../lib64/:/lib/x86_64-linux-gnu/:/lib/../lib64/:/usr/lib/x86_64-linux-gnu/:/usr/local/gcc-11.2/lib/gcc/x86_64-linux-gnu/11.2.0/../../../:/lib/:/usr/lib/
COLLECT_GCC_OPTIONS='-v' '-rdynamic' '-o' 'cmTC_28e87' '-shared-libgcc' '-mtune=generic' '-march=x86-64' '-dumpdir' 'cmTC_28e87.'
 /usr/local/gcc-11.2/libexec/gcc/x86_64-linux-gnu/11.2.0/collect2 -plugin /usr/local/gcc-11.2/libexec/gcc/x86_64-linux-gnu/11.2.0/liblto_plugin.so -plugin-opt=/usr/local/gcc-11.2/libexec/gcc/x86_64-linux-gnu/11.2.0/lto-wrapper -plugin-opt=-fresolution=/tmp/ccwxubFP.res -plugin-opt=-pass-through=-lgcc_s -plugin-opt=-pass-through=-lgcc -plugin-opt=-pass-through=-lc -plugin-opt=-pass-through=-lgcc_s -plugin-opt=-pass-through=-lgcc --eh-frame-hdr -m elf_x86_64 -export-dynamic -dynamic-linker /lib64/ld-linux-x86-64.so.2 -o cmTC_28e87 /usr/lib/x86_64-linux-gnu/crt1.o /usr/lib/x86_64-linux-gnu/crti.o /usr/local/gcc-11.2/lib/gcc/x86_64-linux-gnu/11.2.0/crtbegin.o -L/usr/local/gcc-11.2/lib/gcc/x86_64-linux-gnu/11.2.0 -L/usr/local/gcc-11.2/lib/gcc/x86_64-linux-gnu/11.2.0/../../../../lib64 -L/lib/x86_64-linux-gnu -L/lib/../lib64 -L/usr/lib/x86_64-linux-gnu -L/usr/local/gcc-11.2/lib/gcc/x86_64-linux-gnu/11.2.0/../../.. CMakeFiles/cmTC_28e87.dir/CMakeCXXCompilerABI.cpp.o -lstdc++ -lm -lgcc_s -lgcc -lc -lgcc_s -lgcc /usr/local/gcc-11.2/lib/gcc/x86_64-linux-gnu/11.2.0/crtend.o /usr/lib/x86_64-linux-gnu/crtn.o
COLLECT_GCC_OPTIONS='-v' '-rdynamic' '-o' 'cmTC_28e87' '-shared-libgcc' '-mtune=generic' '-march=x86-64' '-dumpdir' 'cmTC_28e87.'
make[1]: Leaving directory '/mnt/hgfs/pool/src/mysql_pool/build/CMakeFiles/CMakeTmp'



Parsed CXX implicit include dir info from above output: rv=done
  found start of include info
  found start of implicit include info
    add: [/usr/local/gcc-11.2/lib/gcc/x86_64-linux-gnu/11.2.0/../../../../include/c++/11.2.0]
    add: [/usr/local/gcc-11.2/lib/gcc/x86_64-linux-gnu/11.2.0/../../../../include/c++/11.2.0/x86_64-linux-gnu]
    add: [/usr/local/gcc-11.2/lib/gcc/x86_64-linux-gnu/11.2.0/../../../../include/c++/11.2.0/backward]
    add: [/usr/local/gcc-11.2/lib/gcc/x86_64-linux-gnu/11.2.0/include]
    add: [/usr/local/include]
    add: [/usr/local/gcc-11.2/include]
    add: [/usr/local/gcc-11.2/lib/gcc/x86_64-linux-gnu/11.2.0/include-fixed]
    add: [/usr/include/x86_64-linux-gnu]
    add: [/usr/include]
  end of search list found
  collapse include dir [/usr/local/gcc-11.2/lib/gcc/x86_64-linux-gnu/11.2.0/../../../../include/c++/11.2.0] ==> [/usr/local/gcc-11.2/include/c++/11.2.0]
  collapse include dir [/usr/local/gcc-11.2/lib/gcc/x86_64-linux-gnu/11.2.0/../../../../include/c++/11.2.0/x86_64-linux-gnu] ==> [/usr/local/gcc-11.2/include/c++/11.2.0/x86_64-linux-gnu]
  collapse include dir [/usr/local/gcc-11.2/lib/gcc/x86_64-linux-gnu/11.2.0/../../../../include/c++/11.2.0/backward] ==> [/usr/local/gcc-11.2/include/c++/11.2.0/backward]
  collapse include dir [/usr/local/gcc-11.2/lib/gcc/x86_64-linux-gnu/11.2.0/include] ==> [/usr/local/gcc-11.2/lib/gcc/x86_64-linux-gnu/11.2.0/include]
  collapse include dir [/usr/local/include] ==> [/usr/local/include]
  collapse include dir [/usr/local/gcc-11.2/include] ==> [/usr/local/gcc-11.2/include]
  collapse include dir [/usr/local/gcc-11.2/lib/gcc/x86_64-linux-gnu/11.2.0/include-fixed] ==> [/usr/local/gcc-11.2/lib/gcc/x86_64-linux-gnu/11.2.0/include-fixed]
  collapse include dir [/usr/include/x86_64-linux-gnu] ==> [/usr/include/x86_64-linux-gnu]
  collapse include dir [/usr/include] ==> [/usr/include]
  implicit include dirs: [/usr/local/gcc-11.2/include/c++/11.2.0;/usr/local/gcc-11.2/include/c++/11.2.0/x86_64-linux-gnu;/usr/local/gcc-11.2/include/c++/11.2.0/backward;/usr/local/gcc-11.2/lib/gcc/x86_64-linux-gnu/11.2.0/include;/usr/local/include;/usr/local/gcc-11.2/include;/usr/local/gcc-11.2/lib/gcc/x86_64-linux-gnu/11.2.0/include-fixed;/usr/include/x86_64-linux-gnu;/usr/include]


Parsed CXX implicit link information from above output:
  link line regex: [^( *|.*[/\])(ld|CMAKE_LINK_STARTFILE-NOTFOUND|([^/\]+-)?ld|collect2)[^/\]*( |$)]
  ignore line: [Change Dir: /mnt/hgfs/pool/src/mysql_pool/build/CMakeFiles/CMakeTmp]
  ignore line: []
  ignore line: [Run Build Command(s):/usr/bin/make -f Makefile cmTC_28e87/fast && /usr/bin/make  -f CMakeFiles/cmTC_28e87.dir/build.make CMakeFiles/cmTC_28e87.dir/build]
  ignore line: [make[1]: Entering directory '/mnt/hgfs/pool/src/mysql_pool/build/CMakeFiles/CMakeTmp']
  ignore line: [Building CXX object CMakeFiles/cmTC_28e87.dir/CMakeCXXCompilerABI.cpp.o]
  ignore line: [/usr/local/gcc-11.2/bin/g++-11.2   -v -o CMakeFiles/cmTC_28e87.dir/CMakeCXXCompilerABI.cpp.o -c /usr/local/share/cmake-3.21/Modules/CMakeCXXCompilerABI.cpp]
  ignore line: [Using built-in specs.]
  ignore line: [COLLECT_GCC=/usr/local/gcc-11.2/bin/g++-11.2]
  ignore line: [Target: x86_64-linux-gnu]
  ignore line: [Configured with: ../configure configure -v --build=x86_64-linux-gnu --host=x86_64-linux-gnu --target=x86_64-linux-gnu --prefix=/usr/local/gcc-11.2 --enable-checking=release --enable-languages=c c++ --disable-multilib --program-suffix=-11.2]
  ignore line: [Thread model: posix]
  ignore line: [Supported LTO compression algorithms: zlib]
  ignore line: [gcc version 11.2.0 (GCC) ]
  ignore line: [COLLECT_GCC_OPTIONS='-v' '-o' 'CMakeFiles/cmTC_28e87.dir/CMakeCXXCompilerABI.cpp.o' '-c' '-shared-libgcc' '-mtune=generic' '-march=x86-64' '-dumpdir' 'CMakeFiles/cmTC_28e87.dir/']
  ignore line: [ /usr/local/gcc-11.2/libexec/gcc/x86_64-linux-gnu/11.2.0/cc1plus -quiet -v -imultiarch x86_64-linux-gnu -D_GNU_SOURCE /usr/local/share/cmake-3.21/Modules/CMakeCXXCompilerABI.cpp -quiet -dumpdir CMakeFiles/cmTC_28e87.dir/ -dumpbase CMakeCXXCompilerABI.cpp.cpp -dumpbase-ext .cpp -mtune=generic -march=x86-64 -version -o /tmp/ccr9PBIJ.s]
  ignore line: [GNU C++17 (GCC) version 11.2.0 (x86_64-linux-gnu)]
  ignore line: [	compiled by GNU C version 11.2.0  GMP version 6.1.0  MPFR version 3.1.6  MPC version 1.0.3  isl version isl-0.18-GMP]
  ignore line: []
  ignore line: [GGC heuristics: --param ggc-min-expand=100 --param ggc-min-heapsize=131072]
  ignore line: [ignoring nonexistent directory "/usr/local/include/x86_64-linux-gnu"]
  ignore line: [ignoring nonexistent directory "/usr/local/gcc-11.2/lib/gcc/x86_64-linux-gnu/11.2.0/../../../../x86_64-linux-gnu/include"]
  ignore line: [#include "..." search starts here:]
  ignore line: [#include <...> search starts here:]
  ignore line: [ /usr/local/gcc-11.2/lib/gcc/x86_64-linux-gnu/11.2.0/../../../../include/c++/11.2.0]
  ignore line: [ /usr/local/gcc-11.2/lib/gcc/x86_64-linux-gnu/11.2.0/../../../../include/c++/11.2.0/x86_64-linux-gnu]
  ignore line: [ /usr/local/gcc-11.2/lib/gcc/x86_64-linux-gnu/11.2.0/../../../../include/c++/11.2.0/backward]
  ignore line: [ /usr/local/gcc-11.2/lib/gcc/x86_64-linux-gnu/11.2.0/include]
  ignore line: [ /usr/local/include]
  ignore line: [ /usr/local/gcc-11.2/include]
  ignore line: [ /usr/local/gcc-11.2/lib/gcc/x86_64-linux-gnu/11.2.0/include-fixed]
  ignore line: [ /usr/include/x86_64-linux-gnu]
  ignore line: [ /usr/include]
  ignore line: [End of search list.]
  ignore line: [GNU C++17 (GCC) version 11.2.0 (x86_64-linux-gnu)]
  ignore line: [	compiled by GNU C version 11.2.0  GMP version 6.1.0  MPFR version 3.1.6  MPC version 1.0.3  isl version isl-0.18-GMP]
  ignore line: []
  ignore line: [GGC heuristics: --param ggc-min-expand=100 --param ggc-min-heapsize=131072]
  ignore line: [Compiler executable checksum: 10276ea1f5f82fcee8cadd466526da91]
  ignore line: [COLLECT_GCC_OPTIONS='-v' '-o' 'CMakeFiles/cmTC_28e87.dir/CMakeCXXCompilerABI.cpp.o' '-c' '-shared-libgcc' '-mtune=generic' '-march=x86-64' '-dumpdir' 'CMakeFiles/cmTC_28e87.dir/']
  ignore line: [ as -v --64 -o CMakeFiles/cmTC_28e87.dir/CMakeCXXCompilerABI.cpp.o /tmp/ccr9PBIJ.s]
  ignore line: [GNU assembler version 2.26.1 (x86_64-linux-gnu) using BFD version (GNU Binutils for Ubuntu) 2.26.1]
  ignore line: [COMPILER_PATH=/usr/local/gcc-11.2/libexec/gcc/x86_64-linux-gnu/11.2.0/:/usr/local/gcc-11.2/libexec/gcc/x86_64-linux-gnu/11.2.0/:/usr/local/gcc-11.2/libexec/gcc/x86_64-linux-gnu/:/usr/local/gcc-11.2/lib/gcc/x86_64-linux-gnu/11.2.0/:/usr/local/gcc-11.2/lib/gcc/x86_64-linux-gnu/]
  ignore line: [LIBRARY_PATH=/usr/local/gcc-11.2/lib/gcc/x86_64-linux-gnu/11.2.0/:/usr/local/gcc-11.2/lib/gcc/x86_64-linux-gnu/11.2.0/../../../../lib64/:/lib/x86_64-linux-gnu/:/lib/../lib64/:/usr/lib/x86_64-linux-gnu/:/usr/local/gcc-11.2/lib/gcc/x86_64-linux-gnu/11.2.0/../../../:/lib/:/usr/lib/]
  ignore line: [COLLECT_GCC_OPTIONS='-v' '-o' 'CMakeFiles/cmTC_28e87.dir/CMakeCXXCompilerABI.cpp.o' '-c' '-shared-libgcc' '-mtune=generic' '-march=x86-64' '-dumpdir' 'CMakeFiles/cmTC_28e87.dir/CMakeCXXCompilerABI.cpp.']
  ignore line: [Linking CXX executable cmTC_28e87]
  ignore line: [/usr/local/bin/cmake -E cmake_link_script CMakeFiles/cmTC_28e87.dir/link.txt --verbose=1]
  ignore line: [/usr/local/gcc-11.2/bin/g++-11.2  -v -rdynamic CMakeFiles/cmTC_28e87.dir/CMakeCXXCompilerABI.cpp.o -o cmTC_28e87 ]
  ignore line: [Using built-in specs.]
  ignore line: [COLLECT_GCC=/usr/local/gcc-11.2/bin/g++-11.2]
  ignore line: [COLLECT_LTO_WRAPPER=/usr/local/gcc-11.2/libexec/gcc/x86_64-linux-gnu/11.2.0/lto-wrapper]
  ignore line: [Target: x86_64-linux-gnu]
  ignore line: [Configured with: ../configure configure -v --build=x86_64-linux-gnu --host=x86_64-linux-gnu --target=x86_64-linux-gnu --prefix=/usr/local/gcc-11.2 --enable-checking=release --enable-languages=c c++ --disable-multilib --program-suffix=-11.2]
  ignore line: [Thread model: posix]
  ignore line: [Supported LTO compression algorithms: zlib]
  ignore line: [gcc version 11.2.0 (GCC) ]
  ignore line: [COMPILER_PATH=/usr/local/gcc-11.2/libexec/gcc/x86_64-linux-gnu/11.2.0/:/usr/local/gcc-11.2/libexec/gcc/x86_64-linux-gnu/11.2.0/:/usr/local/gcc-11.2/libexec/gcc/x86_64-linux-gnu/:/usr/local/gcc-11.2/lib/gcc/x86_64-linux-gnu/11.2.0/:/usr/local/gcc-11.2/lib/gcc/x86_64-linux-gnu/]
  ignore line: [LIBRARY_PATH=/usr/local/gcc-11.2/lib/gcc/x86_64-linux-gnu/11.2.0/:/usr/local/gcc-11.2/lib/gcc/x86_64-linux-gnu/11.2.0/../../../../lib64/:/lib/x86_64-linux-gnu/:/lib/../lib64/:/usr/lib/x86_64-linux-gnu/:/usr/local/gcc-11.2/lib/gcc/x86_64-linux-gnu/11.2.0/../../../:/lib/:/usr/lib/]
  ignore line: [COLLECT_GCC_OPTIONS='-v' '-rdynamic' '-o' 'cmTC_28e87' '-shared-libgcc' '-mtune=generic' '-march=x86-64' '-dumpdir' 'cmTC_28e87.']
  link line: [ /usr/local/gcc-11.2/libexec/gcc/x86_64-linux-gnu/11.2.0/collect2 -plugin /usr/local/gcc-11.2/libexec/gcc/x86_64-linux-gnu/11.2.0/liblto_plugin.so -plugin-opt=/usr/local/gcc-11.2/libexec/gcc/x86_64-linux-gnu/11.2.0/lto-wrapper -plugin-opt=-fresolution=/tmp/ccwxubFP.res -plugin-opt=-pass-through=-lgcc_s -plugin-opt=-pass-through=-lgcc -plugin-opt=-pass-through=-lc -plugin-opt=-pass-through=-lgcc_s -plugin-opt=-pass-through=-lgcc --eh-frame-hdr -m elf_x86_64 -export-dynamic -dynamic-linker /lib64/ld-linux-x86-64.so.2 -o cmTC_28e87 /usr/lib/x86_64-linux-gnu/crt1.o /usr/lib/x86_64-linux-gnu/crti.o /usr/local/gcc-11.2/lib/gcc/x86_64-linux-gnu/11.2.0/crtbegin.o -L/usr/local/gcc-11.2/lib/gcc/x86_64-linux-gnu/11.2.0 -L/usr/local/gcc-11.2/lib/gcc/x86_64-linux-gnu/11.2.0/../../../../lib64 -L/lib/x86_64-linux-gnu -L/lib/../lib64 -L/usr/lib/x86_64-linux-gnu -L/usr/local/gcc-11.2/lib/gcc/x86_64-linux-gnu/11.2.0/../../.. CMakeFiles/cmTC_28e87.dir/CMakeCXXCompilerABI.cpp.o -lstdc++ -lm -lgcc_s -lgcc -lc -lgcc_s -lgcc /usr/local/gcc-11.2/lib/gcc/x86_64-linux-gnu/11.2.0/crtend.o /usr/lib/x86_64-linux-gnu/crtn.o]
    arg [/usr/local/gcc-11.2/libexec/gcc/x86_64-linux-gnu/11.2.0/collect2] ==> ignore
    arg [-plugin] ==> ignore
    arg [/usr/local/gcc-11.2/libexec/gcc/x86_64-linux-gnu/11.2.0/liblto_plugin.so] ==> ignore
    arg [-plugin-opt=/usr/local/gcc-11.2/libexec/gcc/x86_64-linux-gnu/11.2.0/lto-wrapper] ==> ignore
    arg [-plugin-opt=-fresolution=/tmp/ccwxubFP.res] ==> ignore
    arg [-plugin-opt=-pass-through=-lgcc_s] ==> ignore
    arg [-plugin-opt=-pass-through=-lgcc] ==> ignore
    arg [-plugin-opt=-pass-through=-lc] ==> ignore
    arg [-plugin-opt=-pass-through=-lgcc_s] ==> ignore
    arg [-plugin-opt=-pass-through=-lgcc] ==> ignore
    arg [--eh-frame-hdr] ==> ignore
    arg [-m] ==> ignore
    arg [elf_x86_64] ==> ignore
    arg [-export-dynamic] ==> ignore
    arg [-dynamic-linker] ==> ignore
    arg [/lib64/ld-linux-x86-64.so.2] ==> ignore
    arg [-o] ==> ignore
    arg [cmTC_28e87] ==> ignore
    arg [/usr/lib/x86_64-linux-gnu/crt1.o] ==> obj [/usr/lib/x86_64-linux-gnu/crt1.o]
    arg [/usr/lib/x86_64-linux-gnu/crti.o] ==> obj [/usr/lib/x86_64-linux-gnu/crti.o]
    arg [/usr/local/gcc-11.2/lib/gcc/x86_64-linux-gnu/11.2.0/crtbegin.o] ==> obj [/usr/local/gcc-11.2/lib/gcc/x86_64-linux-gnu/11.2.0/crtbegin.o]
    arg [-L/usr/local/gcc-11.2/lib/gcc/x86_64-linux-gnu/11.2.0] ==> dir [/usr/local/gcc-11.2/lib/gcc/x86_64-linux-gnu/11.2.0]
    arg [-L/usr/local/gcc-11.2/lib/gcc/x86_64-linux-gnu/11.2.0/../../../../lib64] ==> dir [/usr/local/gcc-11.2/lib/gcc/x86_64-linux-gnu/11.2.0/../../../../lib64]
    arg [-L/lib/x86_64-linux-gnu] ==> dir [/lib/x86_64-linux-gnu]
    arg [-L/lib/../lib64] ==> dir [/lib/../lib64]
    arg [-L/usr/lib/x86_64-linux-gnu] ==> dir [/usr/lib/x86_64-linux-gnu]
    arg [-L/usr/local/gcc-11.2/lib/gcc/x86_64-linux-gnu/11.2.0/../../..] ==> dir [/usr/local/gcc-11.2/lib/gcc/x86_64-linux-gnu/11.2.0/../../..]
    arg [CMakeFiles/cmTC_28e87.dir/CMakeCXXCompilerABI.cpp.o] ==> ignore
    arg [-lstdc++] ==> lib [stdc++]
    arg [-lm] ==> lib [m]
    arg [-lgcc_s] ==> lib [gcc_s]
    arg [-lgcc] ==> lib [gcc]
    arg [-lc] ==> lib [c]
    arg [-lgcc_s] ==> lib [gcc_s]
    arg [-lgcc] ==> lib [gcc]
    arg [/usr/local/gcc-11.2/lib/gcc/x86_64-linux-gnu/11.2.0/crtend.o] ==> obj [/usr/local/gcc-11.2/lib/gcc/x86_64-linux-gnu/11.2.0/crtend.o]
    arg [/usr/lib/x86_64-linux-gnu/crtn.o] ==> obj [/usr/lib/x86_64-linux-gnu/crtn.o]
  collapse library dir [/usr/local/gcc-11.2/lib/gcc/x86_64-linux-gnu/11.2.0] ==> [/usr/local/gcc-11.2/lib/gcc/x86_64-linux-gnu/11.2.0]
  collapse library dir [/usr/local/gcc-11.2/lib/gcc/x86_64-linux-gnu/11.2.0/../../../../lib64] ==> [/usr/local/gcc-11.2/lib64]
  collapse library dir [/lib/x86_64-linux-gnu] ==> [/lib/x86_64-linux-gnu]
  collapse library dir [/lib/../lib64] ==> [/lib64]
  collapse library dir [/usr/lib/x86_64-linux-gnu] ==> [/usr/lib/x86_64-linux-gnu]
  collapse library dir [/usr/local/gcc-11.2/lib/gcc/x86_64-linux-gnu/11.2.0/../../..] ==> [/usr/local/gcc-11.2/lib]
  implicit libs: [stdc++;m;gcc_s;gcc;c;gcc_s;gcc]
  implicit objs: [/usr/lib/x86_64-linux-gnu/crt1.o;/usr/lib/x86_64-linux-gnu/crti.o;/usr/local/gcc-11.2/lib/gcc/x86_64-linux-gnu/11.2.0/crtbegin.o;/usr/local/gcc-11.2/lib/gcc/x86_64-linux-gnu/11.2.0/crtend.o;/usr/lib/x86_64-linux-gnu/crtn.o]
  implicit dirs: [/usr/local/gcc-11.2/lib/gcc/x86_64-linux-gnu/11.2.0;/usr/local/gcc-11.2/lib64;/lib/x86_64-linux-gnu;/lib64;/usr/lib/x86_64-linux-gnu;/usr/local/gcc-11.2/lib]
  implicit fwks: []


